<?xml version="1.0" encoding="UTF-8"?>
<!-- Generated by org.testng.reporters.JUnitXMLReporter -->
<testsuite ignored="0" hostname="DESKTOP-DJ4FDME" failures="0" tests="2" name="Default test" time="12.315" errors="0" timestamp="2025-08-21T07:56:16 IST">
  <testcase classname="org.wipro.auto.fb.testcases.SignupScenario_DDF" name="tc02_signup_func_valid_data" time="1.868"/>
  <testcase classname="org.wipro.auto.fb.testcases.SignupScenario_DDF" name="tc02_signup_func_valid_data" time="1.673"/>
</testsuite> <!-- Default test -->
