<?xml version="1.0" encoding="UTF-8"?>
<!-- Generated by org.testng.reporters.JUnitXMLReporter -->
<testsuite ignored="2" hostname="DESKTOP-DJ4FDME" failures="7" tests="62" name="Test" time="49.707" errors="0" timestamp="2025-08-15T08:11:26 IST">
  <testcase classname="org.xyz.auto.fb.HandleKBMouseWindows" name="handleAlerts" time="38.425"/>
  <testcase classname="org.xyz.auto.fb.HandleKBMouseWindows" name="handleFrmaes" time="10.092"/>
  <testcase classname="testngDemo.TestScenario8" name="fifth_testcase" time="0.025"/>
  <testcase classname="testngDemo.TestScenario8" name="first_testcase" time="0.005"/>
  <testcase classname="testngDemo.TestScenario8" name="forth_testcase" time="0.003"/>
  <testcase classname="testngDemo.TestScenario8" name="second_testcase" time="0.004"/>
  <testcase classname="testngDemo.TestScenario8" name="sixth_testcase" time="0.009"/>
  <testcase classname="testngDemo.TestScenario8" name="third_testcase" time="0.005"/>
  <testcase classname="testngDemo.TestScenario10" name="fifth_testcase" time="0.002"/>
  <testcase classname="testngDemo.TestScenario10" name="first_testcase" time="0.003"/>
  <testcase classname="testngDemo.TestScenario10" name="forth_testcase" time="0.001"/>
  <testcase classname="testngDemo.TestScenario10" name="second_testcase" time="0.002"/>
  <testcase classname="testngDemo.TestScenario10" name="sixth_testcase" time="0.002"/>
  <testcase classname="testngDemo.TestScenario10" name="third_testcase" time="0.015"/>
  <testcase classname="testngDemo.TestScenario9" name="fifth_testcase" time="0.003"/>
  <testcase classname="testngDemo.TestScenario9" name="first_testcase" time="0.009"/>
  <testcase classname="testngDemo.TestScenario9" name="forth_testcase" time="0.002">
    <failure type="java.lang.AssertionError" message="expected [Hello World] but found [Hello]">
      <![CDATA[java.lang.AssertionError: expected [Hello World] but found [Hello]
at testngDemo.TestScenario9.forth_testcase(TestScenario9.java:31)
at java.base/java.util.ArrayList.forEach(ArrayList.java:1511)
... Removed 33 stack frames]]>
    </failure>
  </testcase> <!-- forth_testcase -->
  <testcase classname="testngDemo.TestScenario9" name="second_testcase" time="0.002"/>
  <testcase classname="testngDemo.TestScenario9" name="sixth_testcase" time="0.002">
    <failure type="java.lang.AssertionError" message="expected [Hello World] but found [Hello]">
      <![CDATA[java.lang.AssertionError: expected [Hello World] but found [Hello]
at testngDemo.TestScenario9.sixth_testcase(TestScenario9.java:44)
at java.base/java.util.ArrayList.forEach(ArrayList.java:1511)
... Removed 33 stack frames]]>
    </failure>
  </testcase> <!-- sixth_testcase -->
  <testcase classname="testngDemo.TestScenario9" name="third_testcase" time="0.005"/>
  <testcase classname="testngDemo.TestScenario6" name="fifth_testcase" time="0.004">
    <failure type="java.lang.AssertionError" message="expected [Hello World] but found [Hello]">
      <![CDATA[java.lang.AssertionError: expected [Hello World] but found [Hello]
at testngDemo.TestScenario6.fifth_testcase(TestScenario6.java:38)
at java.base/java.util.ArrayList.forEach(ArrayList.java:1511)
... Removed 33 stack frames]]>
    </failure>
  </testcase> <!-- fifth_testcase -->
  <testcase classname="testngDemo.TestScenario6" name="first_testcase" time="0.001">
    <failure type="java.lang.AssertionError" message="expected [Hello World] but found [Hello]">
      <![CDATA[java.lang.AssertionError: expected [Hello World] but found [Hello]
at testngDemo.TestScenario6.first_testcase(TestScenario6.java:13)
at java.base/java.util.ArrayList.forEach(ArrayList.java:1511)
... Removed 33 stack frames]]>
    </failure>
  </testcase> <!-- first_testcase -->
  <testcase classname="testngDemo.TestScenario6" name="forth_testcase" time="0.001"/>
  <testcase classname="testngDemo.TestScenario6" name="second_testcase" time="0.002"/>
  <testcase classname="testngDemo.TestScenario6" name="sixth_testcase" time="0.001"/>
  <testcase classname="testngDemo.TestScenario6" name="third_testcase" time="0.004"/>
  <testcase classname="testngDemo.TestScenario7" name="fifth_testcase" time="0.002"/>
  <testcase classname="testngDemo.TestScenario7" name="first_testcase" time="0.002"/>
  <testcase classname="testngDemo.TestScenario7" name="forth_testcase" time="0.002"/>
  <testcase classname="testngDemo.TestScenario7" name="second_testcase" time="0.009"/>
  <testcase classname="testngDemo.TestScenario7" name="sixth_testcase" time="0.002"/>
  <testcase classname="testngDemo.TestScenario7" name="third_testcase" time="0.002"/>
  <testcase classname="testngDemo.TestScenario4" name="fifth_testcase" time="0.005"/>
  <testcase classname="testngDemo.TestScenario4" name="first_testcase" time="0.002"/>
  <testcase classname="testngDemo.TestScenario4" name="second_testcase" time="0.002"/>
  <testcase classname="testngDemo.TestScenario4" name="sixth_testcase" time="0.001"/>
  <testcase classname="testngDemo.TestScenario4" name="third_testcase" time="0.004">
    <failure type="java.lang.AssertionError" message="expected [true] but found [false]">
      <![CDATA[java.lang.AssertionError: expected [true] but found [false]
at testngDemo.TestScenario4.third_testcase(TestScenario4.java:25)
at java.base/java.util.ArrayList.forEach(ArrayList.java:1511)
... Removed 34 stack frames]]>
    </failure>
  </testcase> <!-- third_testcase -->
  <testcase classname="testngDemo.TestScenario4" name="forth_testcase" time="0.001">
    <skipped/>
  </testcase> <!-- forth_testcase -->
  <testcase classname="testngDemo.TestScenario5" name="fifth_testcase" time="0.002"/>
  <testcase classname="testngDemo.TestScenario5" name="first_testcase" time="0.004"/>
  <testcase classname="testngDemo.TestScenario5" name="forth_testcase" time="0.002"/>
  <testcase classname="testngDemo.TestScenario5" name="second_testcase" time="0.001"/>
  <testcase classname="testngDemo.TestScenario5" name="sixth_testcase" time="0.001"/>
  <testcase classname="testngDemo.TestScenario5" name="third_testcase" time="0.003"/>
  <testcase classname="testngDemo.TestScenario" name="fifth_testcase" time="0.009"/>
  <testcase classname="testngDemo.TestScenario" name="first_testcase" time="0.002">
    <failure type="java.lang.AssertionError" message="expected [Hello World] but found [Hello]">
      <![CDATA[java.lang.AssertionError: expected [Hello World] but found [Hello]
at testngDemo.TestScenario.first_testcase(TestScenario.java:15)
at java.base/java.util.ArrayList.forEach(ArrayList.java:1511)
... Removed 33 stack frames]]>
    </failure>
  </testcase> <!-- first_testcase -->
  <testcase classname="testngDemo.TestScenario" name="forth_testcase" time="0.005"/>
  <testcase classname="testngDemo.TestScenario" name="second_testcase" time="0.003">
    <failure type="java.lang.AssertionError" message="The following asserts failed:
	expected [Hello World] but found [Hello]">
      <![CDATA[java.lang.AssertionError: The following asserts failed:
expected [Hello World] but found [Hello]
at testngDemo.TestScenario.second_testcase(TestScenario.java:29)
at java.base/java.util.ArrayList.forEach(ArrayList.java:1511)
... Removed 29 stack frames]]>
    </failure>
  </testcase> <!-- second_testcase -->
  <testcase classname="testngDemo.TestScenario" name="sixth_testcase" time="0.004"/>
  <testcase classname="testngDemo.TestScenario" name="third_testcase" time="0.002"/>
  <testcase classname="testngDemo.TestScenario2" name="sixth_testcase" time="0.003"/>
  <testcase classname="testngDemo.TestScenario2" name="fifth_testcase" time="0.001"/>
  <testcase classname="testngDemo.TestScenario2" name="forth_testcase" time="0.002"/>
  <testcase classname="testngDemo.TestScenario2" name="third_testcase" time="0.002"/>
  <testcase classname="testngDemo.TestScenario2" name="first_testcase" time="0.001"/>
  <testcase classname="testngDemo.TestScenario2" name="second_testcase" time="0.001"/>
  <testcase classname="testngDemo.TestScenario3" name="fifth_testcase" time="0.001"/>
  <testcase classname="testngDemo.TestScenario3" name="first_testcase" time="0.002"/>
  <testcase classname="testngDemo.TestScenario3" name="forth_testcase" time="0.003"/>
  <testcase classname="testngDemo.TestScenario3" name="second_testcase" time="0.003"/>
  <testcase classname="testngDemo.TestScenario3" name="sixth_testcase" time="0.001"/>
  <testcase classname="testngDemo.TestScenario3" name="third_testcase" time="0.004"/>
  <testcase classname="org.xyz.auto.fb.HandleKBMouseWindows" name="handleMouse" time="0.0">
    <ignored/>
  </testcase> <!-- handleMouse -->
  <testcase classname="org.xyz.auto.fb.HandleKBMouseWindows" name="handleKeyboard" time="0.0">
    <ignored/>
  </testcase> <!-- handleKeyboard -->
</testsuite> <!-- Test -->
