<?xml version="1.0" encoding="UTF-8"?>
<testng-results ignored="0" total="2" passed="2" failed="0" skipped="0">
  <reporter-output>
  </reporter-output>
  <suite started-at="2025-08-21T07:56:04 IST" name="Default suite" finished-at="2025-08-21T07:56:16 IST" duration-ms="12315">
    <groups>
    </groups>
    <test started-at="2025-08-21T07:56:04 IST" name="Default test" finished-at="2025-08-21T07:56:16 IST" duration-ms="12315">
      <class name="org.wipro.auto.fb.testcases.SignupScenario_DDF">
        <test-method is-config="true" signature="initiateBrowser()[pri:0, instance:org.wipro.auto.fb.testcases.SignupScenario_DDF@4afcd809]" started-at="2025-08-21T07:56:04 IST" name="initiateBrowser" finished-at="2025-08-21T07:56:08 IST" duration-ms="4451" status="PASS">
          <reporter-output>
          </reporter-output>
        </test-method> <!-- initiateBrowser -->
        <test-method signature="tc02_signup_func_valid_data(java.lang.String,java.lang.String,java.lang.String)[pri:0, instance:org.wipro.auto.fb.testcases.SignupScenario_DDF@4afcd809]" started-at="2025-08-21T07:56:08 IST" name="tc02_signup_func_valid_data" data-provider="signup_data" finished-at="2025-08-21T07:56:10 IST" duration-ms="1868" status="PASS">
          <params>
            <param index="0">
              <value>
                <![CDATA[John]]>
              </value>
            </param>
            <param index="1">
              <value>
                <![CDATA[16]]>
              </value>
            </param>
            <param index="2">
              <value>
                <![CDATA[finaluser@gmail.com]]>
              </value>
            </param>
          </params>
          <reporter-output>
          </reporter-output>
        </test-method> <!-- tc02_signup_func_valid_data -->
        <test-method is-config="true" signature="closeBrowser()[pri:0, instance:org.wipro.auto.fb.testcases.SignupScenario_DDF@4afcd809]" started-at="2025-08-21T07:56:10 IST" name="closeBrowser" finished-at="2025-08-21T07:56:11 IST" duration-ms="598" status="PASS">
          <reporter-output>
          </reporter-output>
        </test-method> <!-- closeBrowser -->
        <test-method is-config="true" signature="initiateBrowser()[pri:0, instance:org.wipro.auto.fb.testcases.SignupScenario_DDF@4afcd809]" started-at="2025-08-21T07:56:11 IST" name="initiateBrowser" finished-at="2025-08-21T07:56:14 IST" duration-ms="3213" status="PASS">
          <reporter-output>
          </reporter-output>
        </test-method> <!-- initiateBrowser -->
        <test-method signature="tc02_signup_func_valid_data(java.lang.String,java.lang.String,java.lang.String)[pri:0, instance:org.wipro.auto.fb.testcases.SignupScenario_DDF@4afcd809]" started-at="2025-08-21T07:56:14 IST" name="tc02_signup_func_valid_data" data-provider="signup_data" finished-at="2025-08-21T07:56:16 IST" duration-ms="1673" status="PASS">
          <params>
            <param index="0">
              <value>
                <![CDATA[David]]>
              </value>
            </param>
            <param index="1">
              <value>
                <![CDATA[17]]>
              </value>
            </param>
            <param index="2">
              <value>
                <![CDATA[Secretuser@gmail.com]]>
              </value>
            </param>
          </params>
          <reporter-output>
          </reporter-output>
        </test-method> <!-- tc02_signup_func_valid_data -->
        <test-method is-config="true" signature="closeBrowser()[pri:0, instance:org.wipro.auto.fb.testcases.SignupScenario_DDF@4afcd809]" started-at="2025-08-21T07:56:16 IST" name="closeBrowser" finished-at="2025-08-21T07:56:16 IST" duration-ms="372" status="PASS">
          <reporter-output>
          </reporter-output>
        </test-method> <!-- closeBrowser -->
      </class> <!-- org.wipro.auto.fb.testcases.SignupScenario_DDF -->
    </test> <!-- Default test -->
  </suite> <!-- Default suite -->
</testng-results>
